0 info it worked if it ends with ok
1 verbose cli [ '/usr/local/bin/node', '/usr/local/bin/npm', 'start' ]
2 info using npm@3.10.10
3 info using node@v6.10.3
4 verbose run-script [ 'prestart', 'start', 'poststart' ]
5 info lifecycle final_project_finalversion@1.0.0~prestart: final_project_finalversion@1.0.0
6 silly lifecycle final_project_finalversion@1.0.0~prestart: no script for prestart, continuing
7 info lifecycle final_project_finalversion@1.0.0~start: final_project_finalversion@1.0.0
8 verbose lifecycle final_project_finalversion@1.0.0~start: unsafe-perm in lifecycle true
9 verbose lifecycle final_project_finalversion@1.0.0~start: PATH: /usr/local/lib/node_modules/npm/bin/node-gyp-bin:/Users/dapengli/CS290_Webdevelopment/final_project_finalversion/node_modules/.bin:/usr/local/texlive/2016/bin/x86_64-darwin:/Users/dapengli/anaconda/bin:/Users/dapengli/Library/Haskell/bin://anaconda/bin:/Users/lhuang/anaconda/bin:/opt/local/bin:/opt/local/sbin:/Library/Frameworks/EPD64.framework/Versions/Current/bin:/opt/local/bin:/opt/local/sbin:/opt/local/bin:/opt/local/sbin:/Library/Frameworks/Python.framework/Versions/2.7/bin:/opt/local/bin:/opt/local/sbin:/opt/local/bin:/opt/local/sbin:/usr/bin:/usr/local/bin:/opt/local/bin:/Library/Frameworks/Python.framework/Versions/Current/bin:/Developer/usr/bin:/Developer/usr/bin::/usr/local/bin:/usr/bin:/bin:/usr/sbin:/sbin:/opt/X11/bin:/Library/TeX/texbin:/Users/dapengli/local/bin:/Users/dapengli/local/scripts:/sw/bin:/Users/dapengli/danjune/mybin:/usr/local/bin:/Users/dapengli/anaconda/bin/:/Users/dapengli/rerank:/Users/dapengli/rerank/scripts:/Users/dapengli/rerank/mystage:/Users/dapengli/rerank/mystage/scripts:/Users/dapengli/rerank/second-stage/programs/features:/usr/texbin/:/Users/dapengli/install/pypy-c-jit-43780-b590cf6de419-osx64/bin:/Users/dapengli/install/carmel/bin/macosx/:/usr/local/Cellar/node/0.10.11/bin/:/opt/cvs/1.12.13/bin/:/Users/lhuang/teaching/nlp/graehl/carmel/bin/macosx/:/Applications/SWI-Prolog.app/Contents/MacOS/:/opt/bin/
10 verbose lifecycle final_project_finalversion@1.0.0~start: CWD: /Users/dapengli/CS290_Webdevelopment/final_project_finalversion
11 silly lifecycle final_project_finalversion@1.0.0~start: Args: [ '-c', 'node server.js' ]
12 silly lifecycle final_project_finalversion@1.0.0~start: Returned: code: 1  signal: null
13 info lifecycle final_project_finalversion@1.0.0~start: Failed to exec start script
14 verbose stack Error: final_project_finalversion@1.0.0 start: `node server.js`
14 verbose stack Exit status 1
14 verbose stack     at EventEmitter.<anonymous> (/usr/local/lib/node_modules/npm/lib/utils/lifecycle.js:255:16)
14 verbose stack     at emitTwo (events.js:106:13)
14 verbose stack     at EventEmitter.emit (events.js:191:7)
14 verbose stack     at ChildProcess.<anonymous> (/usr/local/lib/node_modules/npm/lib/utils/spawn.js:40:14)
14 verbose stack     at emitTwo (events.js:106:13)
14 verbose stack     at ChildProcess.emit (events.js:191:7)
14 verbose stack     at maybeClose (internal/child_process.js:886:16)
14 verbose stack     at Process.ChildProcess._handle.onexit (internal/child_process.js:226:5)
15 verbose pkgid final_project_finalversion@1.0.0
16 verbose cwd /Users/dapengli/CS290_Webdevelopment/final_project_finalversion
17 error Darwin 14.5.0
18 error argv "/usr/local/bin/node" "/usr/local/bin/npm" "start"
19 error node v6.10.3
20 error npm  v3.10.10
21 error code ELIFECYCLE
22 error final_project_finalversion@1.0.0 start: `node server.js`
22 error Exit status 1
23 error Failed at the final_project_finalversion@1.0.0 start script 'node server.js'.
23 error Make sure you have the latest version of node.js and npm installed.
23 error If you do, this is most likely a problem with the final_project_finalversion package,
23 error not with npm itself.
23 error Tell the author that this fails on your system:
23 error     node server.js
23 error You can get information on how to open an issue for this project with:
23 error     npm bugs final_project_finalversion
23 error Or if that isn't available, you can get their info via:
23 error     npm owner ls final_project_finalversion
23 error There is likely additional logging output above.
24 verbose exit [ 1, true ]
